2023-05-14 15:05:36,693 INFO o.e.o.Deposit [main] Account number: 4827110000234560
Balance before operation: 2000.0 PLN
Deposit: 100.0 PLN
New balance: 2100.0 PLN

2023-05-14 15:05:36,695 WARN o.e.o.Deposit [main] Amount must be greater than zero

2023-05-14 15:05:36,695 INFO o.e.o.Deposit [main] Account number: 4827110000234560
Balance before operation: 2100.0 PLN
Deposit: 100.0 PLN
New balance: 2200.0 PLN

2023-05-14 15:05:36,696 INFO o.e.o.Deposit [main] Account number: 2312387231369120
Balance before operation: 5000.0 PLN
Deposit: 700.0 PLN
New balance: 5700.0 PLN

2023-05-14 15:05:36,703 INFO o.e.o.Deposit [main] Account number: 2312387231369120
Balance before operation: 5700.0 PLN
Deposit: 10.0 PLN
New balance: 5710.0 PLN

2023-05-14 15:07:17,114 INFO o.e.o.Deposit [main] Account number: 4827110000234560
Balance before operation: 2000.0 PLN
Deposit: 100.0 PLN
New balance: 2100.0 PLN

2023-05-14 15:07:17,116 WARN o.e.o.Deposit [main] Amount must be greater than zero

2023-05-14 15:07:17,117 INFO o.e.o.Deposit [main] Account number: 4827110000234560
Balance before operation: 2100.0 PLN
Deposit: 100.0 PLN
New balance: 2200.0 PLN

2023-05-14 15:07:17,117 INFO o.e.o.Deposit [main] Account number: 2312387231369120
Balance before operation: 5000.0 PLN
Deposit: 700.0 PLN
New balance: 5700.0 PLN

2023-05-14 15:07:17,124 INFO o.e.o.Deposit [main] Account number: 2312387231369120
Balance before operation: 5700.0 PLN
Deposit: 10.0 PLN
New balance: 5710.0 PLN

2023-05-16 12:41:37,521 INFO o.e.o.Deposit [main] Account number: 4827110000234560
Balance before operation: 2000.0 PLN
Deposit: 100.0 PLN
New balance: 2100.0 PLN

2023-05-16 12:41:37,522 WARN o.e.o.Deposit [main] Amount must be greater than zero

2023-05-16 12:41:37,522 INFO o.e.o.Deposit [main] Account number: 4827110000234560
Balance before operation: 2100.0 PLN
Deposit: 100.0 PLN
New balance: 2200.0 PLN

2023-05-16 12:41:37,523 INFO o.e.o.Deposit [main] Account number: 2312387231369120
Balance before operation: 5000.0 PLN
Deposit: 700.0 PLN
New balance: 5700.0 PLN

2023-05-16 12:41:37,527 INFO o.e.o.Deposit [main] Account number: 2312387231369120
Balance before operation: 5700.0 PLN
Deposit: 10.0 PLN
New balance: 5710.0 PLN

2023-05-16 13:22:42,792 INFO o.e.o.Deposit [main] Account number: 4827110000234560
Balance before operation: 2000.0 PLN
Deposit: 100.0 PLN
New balance: 2100.0 PLN

2023-05-16 13:22:42,792 WARN o.e.o.Deposit [main] Amount must be greater than zero

2023-05-16 13:22:42,793 INFO o.e.o.Deposit [main] Account number: 4827110000234560
Balance before operation: 2100.0 PLN
Deposit: 100.0 PLN
New balance: 2200.0 PLN

2023-05-16 13:22:42,794 INFO o.e.o.Deposit [main] Account number: 2312387231369120
Balance before operation: 5000.0 PLN
Deposit: 700.0 PLN
New balance: 5700.0 PLN

2023-05-16 13:22:42,798 INFO o.e.o.Deposit [main] Account number: 2312387231369120
Balance before operation: 5700.0 PLN
Deposit: 10.0 PLN
New balance: 5710.0 PLN

2023-05-16 13:39:12,053 INFO o.e.o.Deposit [main] Account number: 4827110000234560
Balance before operation: 2000.0 PLN
Deposit: 100.0 PLN
New balance: 2100.0 PLN

2023-05-16 13:39:12,053 WARN o.e.o.Deposit [main] Amount must be greater than zero

2023-05-16 13:39:12,053 INFO o.e.o.Deposit [main] Account number: 4827110000234560
Balance before operation: 2100.0 PLN
Deposit: 100.0 PLN
New balance: 2200.0 PLN

2023-05-16 13:39:12,054 INFO o.e.o.Deposit [main] Account number: 2312387231369120
Balance before operation: 5000.0 PLN
Deposit: 700.0 PLN
New balance: 5700.0 PLN

2023-05-16 13:39:12,057 INFO o.e.o.Deposit [main] Account number: 2312387231369120
Balance before operation: 5700.0 PLN
Deposit: 10.0 PLN
New balance: 5710.0 PLN

2023-05-16 15:13:27,515 INFO o.e.o.Deposit [main] Account number: 4827110000234560
Balance before operation: 2000.0 PLN
Deposit: 100.0 PLN
New balance: 2100.0 PLN

2023-05-16 15:13:27,515 WARN o.e.o.Deposit [main] Amount must be greater than zero

2023-05-16 15:13:27,515 INFO o.e.o.Deposit [main] Account number: 4827110000234560
Balance before operation: 2100.0 PLN
Deposit: 100.0 PLN
New balance: 2200.0 PLN

2023-05-16 15:13:27,516 INFO o.e.o.Deposit [main] Account number: 2312387231369120
Balance before operation: 5000.0 PLN
Deposit: 700.0 PLN
New balance: 5700.0 PLN

2023-05-16 15:13:27,520 INFO o.e.o.Deposit [main] Account number: 2312387231369120
Balance before operation: 5700.0 PLN
Deposit: 10.0 PLN
New balance: 5710.0 PLN

2023-05-16 15:24:49,659 INFO o.e.o.Deposit [main] Account number: 4827110000234560
Balance before operation: 2000.0 PLN
Deposit: 100.0 PLN
New balance: 2100.0 PLN

2023-05-16 15:24:49,660 WARN o.e.o.Deposit [main] Amount must be greater than zero

2023-05-16 15:24:49,660 INFO o.e.o.Deposit [main] Account number: 4827110000234560
Balance before operation: 2100.0 PLN
Deposit: 100.0 PLN
New balance: 2200.0 PLN

2023-05-16 15:24:49,660 INFO o.e.o.Deposit [main] Account number: 2312387231369120
Balance before operation: 5000.0 PLN
Deposit: 700.0 PLN
New balance: 5700.0 PLN

2023-05-16 15:24:49,664 INFO o.e.o.Deposit [main] Account number: 2312387231369120
Balance before operation: 5700.0 PLN
Deposit: 10.0 PLN
New balance: 5710.0 PLN

2023-05-16 15:50:27,013 INFO o.e.o.Deposit [main] Account number: 4827110000234560
Balance before operation: 2000.0 PLN
Deposit: 100.0 PLN
New balance: 2100.0 PLN

2023-05-16 15:50:27,014 WARN o.e.o.Deposit [main] Amount must be greater than zero

2023-05-16 15:50:27,014 INFO o.e.o.Deposit [main] Account number: 4827110000234560
Balance before operation: 2100.0 PLN
Deposit: 100.0 PLN
New balance: 2200.0 PLN

2023-05-16 15:50:27,015 INFO o.e.o.Deposit [main] Account number: 2312387231369120
Balance before operation: 5000.0 PLN
Deposit: 700.0 PLN
New balance: 5700.0 PLN

2023-05-16 15:50:27,019 INFO o.e.o.Deposit [main] Account number: 2312387231369120
Balance before operation: 5700.0 PLN
Deposit: 10.0 PLN
New balance: 5710.0 PLN

2023-05-16 15:55:15,039 INFO o.e.o.Deposit [main] Account number: 4827110000234560
Balance before operation: 2000.0 PLN
Deposit: 100.0 PLN
New balance: 2100.0 PLN

2023-05-16 15:55:15,040 WARN o.e.o.Deposit [main] Amount must be greater than zero

2023-05-16 15:55:15,041 INFO o.e.o.Deposit [main] Account number: 4827110000234560
Balance before operation: 2100.0 PLN
Deposit: 100.0 PLN
New balance: 2200.0 PLN

2023-05-16 15:55:15,041 INFO o.e.o.Deposit [main] Account number: 2312387231369120
Balance before operation: 5000.0 PLN
Deposit: 700.0 PLN
New balance: 5700.0 PLN

2023-05-16 15:55:15,045 INFO o.e.o.Deposit [main] Account number: 2312387231369120
Balance before operation: 5700.0 PLN
Deposit: 10.0 PLN
New balance: 5710.0 PLN

2023-05-16 15:57:33,260 INFO o.e.o.Deposit [main] Account number: 4827110000234560
Balance before operation: 2000.0 PLN
Deposit: 100.0 PLN
New balance: 2100.0 PLN

2023-05-16 15:57:33,260 WARN o.e.o.Deposit [main] Amount must be greater than zero

2023-05-16 15:57:33,261 INFO o.e.o.Deposit [main] Account number: 4827110000234560
Balance before operation: 2100.0 PLN
Deposit: 100.0 PLN
New balance: 2200.0 PLN

2023-05-16 15:57:33,261 INFO o.e.o.Deposit [main] Account number: 2312387231369120
Balance before operation: 5000.0 PLN
Deposit: 700.0 PLN
New balance: 5700.0 PLN

2023-05-16 15:57:33,264 INFO o.e.o.Deposit [main] Account number: 2312387231369120
Balance before operation: 5700.0 PLN
Deposit: 10.0 PLN
New balance: 5710.0 PLN

2023-05-16 15:59:19,559 INFO o.e.o.Deposit [main] Account number: 4827110000234560
Balance before operation: 2000.0 PLN
Deposit: 100.0 PLN
New balance: 2100.0 PLN

2023-05-16 15:59:19,560 WARN o.e.o.Deposit [main] Amount must be greater than zero

2023-05-16 15:59:19,560 INFO o.e.o.Deposit [main] Account number: 4827110000234560
Balance before operation: 2100.0 PLN
Deposit: 100.0 PLN
New balance: 2200.0 PLN

2023-05-16 15:59:19,561 INFO o.e.o.Deposit [main] Account number: 2312387231369120
Balance before operation: 5000.0 PLN
Deposit: 700.0 PLN
New balance: 5700.0 PLN

2023-05-16 15:59:19,565 INFO o.e.o.Deposit [main] Account number: 2312387231369120
Balance before operation: 5700.0 PLN
Deposit: 10.0 PLN
New balance: 5710.0 PLN

2023-05-16 16:00:49,385 INFO o.e.o.Deposit [main] Account number: 4827110000234560
Balance before operation: 2000.0 PLN
Deposit: 100.0 PLN
New balance: 2100.0 PLN

2023-05-16 16:00:49,386 WARN o.e.o.Deposit [main] Amount must be greater than zero

2023-05-16 16:00:49,386 INFO o.e.o.Deposit [main] Account number: 4827110000234560
Balance before operation: 2100.0 PLN
Deposit: 100.0 PLN
New balance: 2200.0 PLN

2023-05-16 16:00:49,386 INFO o.e.o.Deposit [main] Account number: 2312387231369120
Balance before operation: 5000.0 PLN
Deposit: 700.0 PLN
New balance: 5700.0 PLN

2023-05-16 16:00:49,389 INFO o.e.o.Deposit [main] Account number: 2312387231369120
Balance before operation: 5700.0 PLN
Deposit: 10.0 PLN
New balance: 5710.0 PLN

2023-05-16 16:05:33,753 INFO o.e.o.Deposit [main] Account number: 4827110000234560
Balance before operation: 2000.0 PLN
Deposit: 100.0 PLN
New balance: 2100.0 PLN

2023-05-16 16:05:33,754 WARN o.e.o.Deposit [main] Amount must be greater than zero

2023-05-16 16:05:33,754 INFO o.e.o.Deposit [main] Account number: 4827110000234560
Balance before operation: 2100.0 PLN
Deposit: 100.0 PLN
New balance: 2200.0 PLN

2023-05-16 16:05:33,755 INFO o.e.o.Deposit [main] Account number: 2312387231369120
Balance before operation: 5000.0 PLN
Deposit: 700.0 PLN
New balance: 5700.0 PLN

2023-05-16 16:05:33,759 INFO o.e.o.Deposit [main] Account number: 2312387231369120
Balance before operation: 5700.0 PLN
Deposit: 10.0 PLN
New balance: 5710.0 PLN

2023-05-16 16:39:27,044 INFO o.e.o.Deposit [main] Account number: 4827110000234560
Balance before operation: 2000.0 PLN
Deposit: 100.0 PLN
New balance: 2100.0 PLN

2023-05-16 16:39:27,045 WARN o.e.o.Deposit [main] Amount must be greater than zero

2023-05-16 16:39:27,045 INFO o.e.o.Deposit [main] Account number: 4827110000234560
Balance before operation: 2100.0 PLN
Deposit: 100.0 PLN
New balance: 2200.0 PLN

2023-05-16 16:39:27,046 INFO o.e.o.Deposit [main] Account number: 2312387231369120
Balance before operation: 5000.0 PLN
Deposit: 700.0 PLN
New balance: 5700.0 PLN

2023-05-16 16:39:27,049 INFO o.e.o.Deposit [main] Account number: 2312387231369120
Balance before operation: 5700.0 PLN
Deposit: 10.0 PLN
New balance: 5710.0 PLN

2023-05-16 16:48:56,822 INFO o.e.o.Deposit [main] Account number: 4827110000234560
Balance before operation: 2000.0 PLN
Deposit: 100.0 PLN
New balance: 2100.0 PLN

2023-05-16 16:48:56,822 WARN o.e.o.Deposit [main] Amount must be greater than zero

2023-05-16 16:48:56,822 INFO o.e.o.Deposit [main] Account number: 4827110000234560
Balance before operation: 2100.0 PLN
Deposit: 100.0 PLN
New balance: 2200.0 PLN

2023-05-16 16:48:56,823 INFO o.e.o.Deposit [main] Account number: 2312387231369120
Balance before operation: 5000.0 PLN
Deposit: 700.0 PLN
New balance: 5700.0 PLN

2023-05-16 16:48:56,827 INFO o.e.o.Deposit [main] Account number: 2312387231369120
Balance before operation: 5700.0 PLN
Deposit: 10.0 PLN
New balance: 5710.0 PLN

2023-05-16 16:53:27,721 INFO o.e.o.Deposit [main] Account number: 4827110000234560
Balance before operation: 2000.0 PLN
Deposit: 100.0 PLN
New balance: 2100.0 PLN

2023-05-16 16:53:27,721 WARN o.e.o.Deposit [main] Amount must be greater than zero

2023-05-16 16:53:27,722 INFO o.e.o.Deposit [main] Account number: 4827110000234560
Balance before operation: 2100.0 PLN
Deposit: 100.0 PLN
New balance: 2200.0 PLN

2023-05-16 16:53:27,723 INFO o.e.o.Deposit [main] Account number: 2312387231369120
Balance before operation: 5000.0 PLN
Deposit: 700.0 PLN
New balance: 5700.0 PLN

2023-05-16 16:53:27,728 INFO o.e.o.Deposit [main] Account number: 2312387231369120
Balance before operation: 5700.0 PLN
Deposit: 10.0 PLN
New balance: 5710.0 PLN

2023-05-16 17:00:33,106 INFO o.e.o.Deposit [main] Account number: 4827110000234560
Balance before operation: 2000.0 PLN
Deposit: 100.0 PLN
New balance: 2100.0 PLN

2023-05-16 17:00:33,106 WARN o.e.o.Deposit [main] Amount must be greater than zero

2023-05-16 17:00:33,107 INFO o.e.o.Deposit [main] Account number: 4827110000234560
Balance before operation: 2100.0 PLN
Deposit: 100.0 PLN
New balance: 2200.0 PLN

2023-05-16 17:00:33,108 INFO o.e.o.Deposit [main] Account number: 2312387231369120
Balance before operation: 5000.0 PLN
Deposit: 700.0 PLN
New balance: 5700.0 PLN

2023-05-16 17:00:33,112 INFO o.e.o.Deposit [main] Account number: 2312387231369120
Balance before operation: 5700.0 PLN
Deposit: 10.0 PLN
New balance: 5710.0 PLN

2023-05-16 17:01:13,960 INFO o.e.o.Deposit [main] Account number: 4827110000234560
Balance before operation: 2000.0 PLN
Deposit: 100.0 PLN
New balance: 2100.0 PLN

2023-05-16 17:01:13,961 WARN o.e.o.Deposit [main] Amount must be greater than zero

2023-05-16 17:01:13,961 INFO o.e.o.Deposit [main] Account number: 4827110000234560
Balance before operation: 2100.0 PLN
Deposit: 100.0 PLN
New balance: 2200.0 PLN

2023-05-16 17:01:13,962 INFO o.e.o.Deposit [main] Account number: 2312387231369120
Balance before operation: 5000.0 PLN
Deposit: 700.0 PLN
New balance: 5700.0 PLN

2023-05-16 17:01:13,967 INFO o.e.o.Deposit [main] Account number: 2312387231369120
Balance before operation: 5700.0 PLN
Deposit: 10.0 PLN
New balance: 5710.0 PLN

2023-05-16 17:01:29,420 INFO o.e.o.Deposit [main] Account number: 4827110000234560
Balance before operation: 2000.0 PLN
Deposit: 100.0 PLN
New balance: 2100.0 PLN

2023-05-16 17:01:29,421 WARN o.e.o.Deposit [main] Amount must be greater than zero

2023-05-16 17:01:29,421 INFO o.e.o.Deposit [main] Account number: 4827110000234560
Balance before operation: 2100.0 PLN
Deposit: 100.0 PLN
New balance: 2200.0 PLN

2023-05-16 17:01:29,422 INFO o.e.o.Deposit [main] Account number: 2312387231369120
Balance before operation: 5000.0 PLN
Deposit: 700.0 PLN
New balance: 5700.0 PLN

2023-05-16 17:01:29,427 INFO o.e.o.Deposit [main] Account number: 2312387231369120
Balance before operation: 5700.0 PLN
Deposit: 10.0 PLN
New balance: 5710.0 PLN

2023-05-16 17:02:21,179 INFO o.e.o.Deposit [main] Account number: 4827110000234560
Balance before operation: 2000.0 PLN
Deposit: 100.0 PLN
New balance: 2100.0 PLN

2023-05-16 17:02:21,180 WARN o.e.o.Deposit [main] Amount must be greater than zero

2023-05-16 17:02:21,181 INFO o.e.o.Deposit [main] Account number: 4827110000234560
Balance before operation: 2100.0 PLN
Deposit: 100.0 PLN
New balance: 2200.0 PLN

2023-05-16 17:02:21,181 INFO o.e.o.Deposit [main] Account number: 2312387231369120
Balance before operation: 5000.0 PLN
Deposit: 700.0 PLN
New balance: 5700.0 PLN

2023-05-16 17:02:21,186 INFO o.e.o.Deposit [main] Account number: 2312387231369120
Balance before operation: 5700.0 PLN
Deposit: 10.0 PLN
New balance: 5710.0 PLN

2023-05-16 17:02:53,424 INFO o.e.o.Deposit [main] Account number: 4827110000234560
Balance before operation: 2000.0 PLN
Deposit: 100.0 PLN
New balance: 2100.0 PLN

2023-05-16 17:02:53,424 WARN o.e.o.Deposit [main] Amount must be greater than zero

2023-05-16 17:02:53,425 INFO o.e.o.Deposit [main] Account number: 4827110000234560
Balance before operation: 2100.0 PLN
Deposit: 100.0 PLN
New balance: 2200.0 PLN

2023-05-16 17:02:53,426 INFO o.e.o.Deposit [main] Account number: 2312387231369120
Balance before operation: 5000.0 PLN
Deposit: 700.0 PLN
New balance: 5700.0 PLN

2023-05-16 17:02:53,431 INFO o.e.o.Deposit [main] Account number: 2312387231369120
Balance before operation: 5700.0 PLN
Deposit: 10.0 PLN
New balance: 5710.0 PLN

2023-05-16 19:26:21,273 INFO o.e.o.Deposit [main] Account number: 4827110000234560
Balance before operation: 2000.0 PLN
Deposit: 100.0 PLN
New balance: 2100.0 PLN

2023-05-16 19:26:21,274 WARN o.e.o.Deposit [main] Amount must be greater than zero

2023-05-16 19:26:21,274 INFO o.e.o.Deposit [main] Account number: 4827110000234560
Balance before operation: 2100.0 PLN
Deposit: 100.0 PLN
New balance: 2200.0 PLN

2023-05-16 19:26:21,275 INFO o.e.o.Deposit [main] Account number: 2312387231369120
Balance before operation: 5000.0 PLN
Deposit: 700.0 PLN
New balance: 5700.0 PLN

2023-05-16 19:26:21,279 INFO o.e.o.Deposit [main] Account number: 2312387231369120
Balance before operation: 5700.0 PLN
Deposit: 10.0 PLN
New balance: 5710.0 PLN

2023-05-16 19:32:35,740 INFO o.e.o.Deposit [main] Account number: 4827110000234560
Balance before operation: 2000.0 PLN
Deposit: 100.0 PLN
New balance: 2100.0 PLN

2023-05-16 19:32:35,741 WARN o.e.o.Deposit [main] Amount must be greater than zero

2023-05-16 19:32:35,741 INFO o.e.o.Deposit [main] Account number: 4827110000234560
Balance before operation: 2100.0 PLN
Deposit: 100.0 PLN
New balance: 2200.0 PLN

2023-05-16 19:32:35,742 INFO o.e.o.Deposit [main] Account number: 2312387231369120
Balance before operation: 5000.0 PLN
Deposit: 700.0 PLN
New balance: 5700.0 PLN

2023-05-16 19:32:35,746 INFO o.e.o.Deposit [main] Account number: 2312387231369120
Balance before operation: 5700.0 PLN
Deposit: 10.0 PLN
New balance: 5710.0 PLN

2023-05-16 19:56:41,581 INFO o.e.o.Deposit [main] Account number: 4827110000234560
Balance before operation: 2000.0 PLN
Deposit: 100.0 PLN
New balance: 2100.0 PLN

2023-05-16 19:56:41,582 WARN o.e.o.Deposit [main] Amount must be greater than zero

2023-05-16 19:56:41,582 INFO o.e.o.Deposit [main] Account number: 4827110000234560
Balance before operation: 2100.0 PLN
Deposit: 100.0 PLN
New balance: 2200.0 PLN

2023-05-16 19:56:41,583 INFO o.e.o.Deposit [main] Account number: 2312387231369120
Balance before operation: 5000.0 PLN
Deposit: 700.0 PLN
New balance: 5700.0 PLN

2023-05-16 19:56:41,588 INFO o.e.o.Deposit [main] Account number: 2312387231369120
Balance before operation: 5700.0 PLN
Deposit: 10.0 PLN
New balance: 5710.0 PLN

2023-05-16 20:10:16,960 INFO o.e.o.Deposit [main] Account number: 4827110000234560
Balance before operation: 2000.0 PLN
Deposit: 100.0 PLN
New balance: 2100.0 PLN

2023-05-16 20:10:16,961 WARN o.e.o.Deposit [main] Amount must be greater than zero

2023-05-16 20:10:16,961 INFO o.e.o.Deposit [main] Account number: 4827110000234560
Balance before operation: 2100.0 PLN
Deposit: 100.0 PLN
New balance: 2200.0 PLN

2023-05-16 20:10:16,962 INFO o.e.o.Deposit [main] Account number: 2312387231369120
Balance before operation: 5000.0 PLN
Deposit: 700.0 PLN
New balance: 5700.0 PLN

2023-05-16 20:10:16,966 INFO o.e.o.Deposit [main] Account number: 2312387231369120
Balance before operation: 5700.0 PLN
Deposit: 10.0 PLN
New balance: 5710.0 PLN

2023-05-16 20:17:55,184 INFO o.e.o.Deposit [main] Account number: 4827110000234560
Balance before operation: 2000.0 PLN
Deposit: 100.0 PLN
New balance: 2100.0 PLN

2023-05-16 20:17:55,184 WARN o.e.o.Deposit [main] Amount must be greater than zero

2023-05-16 20:17:55,185 INFO o.e.o.Deposit [main] Account number: 4827110000234560
Balance before operation: 2100.0 PLN
Deposit: 100.0 PLN
New balance: 2200.0 PLN

2023-05-16 20:17:55,186 INFO o.e.o.Deposit [main] Account number: 2312387231369120
Balance before operation: 5000.0 PLN
Deposit: 700.0 PLN
New balance: 5700.0 PLN

2023-05-16 20:17:55,191 INFO o.e.o.Deposit [main] Account number: 2312387231369120
Balance before operation: 5700.0 PLN
Deposit: 10.0 PLN
New balance: 5710.0 PLN

2023-05-16 20:27:00,080 INFO o.e.o.Deposit [main] Account number: 4827110000234560
Balance before operation: 2000.0 PLN
Deposit: 100.0 PLN
New balance: 2100.0 PLN

2023-05-16 20:27:00,080 WARN o.e.o.Deposit [main] Amount must be greater than zero

2023-05-16 20:27:00,081 INFO o.e.o.Deposit [main] Account number: 4827110000234560
Balance before operation: 2100.0 PLN
Deposit: 100.0 PLN
New balance: 2200.0 PLN

2023-05-16 20:27:00,082 INFO o.e.o.Deposit [main] Account number: 2312387231369120
Balance before operation: 5000.0 PLN
Deposit: 700.0 PLN
New balance: 5700.0 PLN

2023-05-16 20:27:00,086 INFO o.e.o.Deposit [main] Account number: 2312387231369120
Balance before operation: 5700.0 PLN
Deposit: 10.0 PLN
New balance: 5710.0 PLN

2023-05-16 20:58:24,415 INFO o.e.o.Deposit [main] Account number: 4827110000234560
Balance before operation: 2000.0 PLN
Deposit: 100.0 PLN
New balance: 2100.0 PLN

2023-05-16 20:58:24,416 WARN o.e.o.Deposit [main] Amount must be greater than zero

2023-05-16 20:58:24,416 INFO o.e.o.Deposit [main] Account number: 4827110000234560
Balance before operation: 2100.0 PLN
Deposit: 100.0 PLN
New balance: 2200.0 PLN

2023-05-16 20:58:24,418 INFO o.e.o.Deposit [main] Account number: 2312387231369120
Balance before operation: 5000.0 PLN
Deposit: 700.0 PLN
New balance: 5700.0 PLN

2023-05-16 20:58:24,424 INFO o.e.o.Deposit [main] Account number: 2312387231369120
Balance before operation: 5700.0 PLN
Deposit: 10.0 PLN
New balance: 5710.0 PLN

2023-05-19 07:32:38,646 INFO o.e.o.Deposit [main] Account number: 4827110000234560
Balance before operation: 2000.0 PLN
Deposit: 100.0 PLN
New balance: 2100.0 PLN

2023-05-19 07:32:38,646 WARN o.e.o.Deposit [main] Amount must be greater than zero

2023-05-19 07:32:38,648 INFO o.e.o.Deposit [main] Account number: 4827110000234560
Balance before operation: 2100.0 PLN
Deposit: 100.0 PLN
New balance: 2200.0 PLN

2023-05-19 07:32:38,649 INFO o.e.o.Deposit [main] Account number: 2312387231369120
Balance before operation: 5000.0 PLN
Deposit: 700.0 PLN
New balance: 5700.0 PLN

2023-05-19 07:32:38,657 INFO o.e.o.Deposit [main] Account number: 2312387231369120
Balance before operation: 5700.0 PLN
Deposit: 10.0 PLN
New balance: 5710.0 PLN

2023-05-19 07:53:20,266 INFO o.e.o.Deposit [main] Account number: 4827110000234560
Balance before operation: 2000.0 PLN
Deposit: 100.0 PLN
New balance: 2100.0 PLN

2023-05-19 07:53:20,266 WARN o.e.o.Deposit [main] Amount must be greater than zero

2023-05-19 07:53:20,266 INFO o.e.o.Deposit [main] Account number: 4827110000234560
Balance before operation: 2100.0 PLN
Deposit: 100.0 PLN
New balance: 2200.0 PLN

2023-05-19 07:53:20,268 INFO o.e.o.Deposit [main] Account number: 2312387231369120
Balance before operation: 5000.0 PLN
Deposit: 700.0 PLN
New balance: 5700.0 PLN

2023-05-19 07:53:20,274 INFO o.e.o.Deposit [main] Account number: 2312387231369120
Balance before operation: 5700.0 PLN
Deposit: 10.0 PLN
New balance: 5710.0 PLN

2023-05-19 08:00:11,097 INFO o.e.o.Deposit [main] Account number: 4827110000234560
Balance before operation: 2000.0 PLN
Deposit: 100.0 PLN
New balance: 2100.0 PLN

2023-05-19 08:00:11,097 WARN o.e.o.Deposit [main] Amount must be greater than zero

2023-05-19 08:00:11,098 INFO o.e.o.Deposit [main] Account number: 4827110000234560
Balance before operation: 2100.0 PLN
Deposit: 100.0 PLN
New balance: 2200.0 PLN

2023-05-19 08:00:11,099 INFO o.e.o.Deposit [main] Account number: 2312387231369120
Balance before operation: 5000.0 PLN
Deposit: 700.0 PLN
New balance: 5700.0 PLN

2023-05-19 08:00:11,102 INFO o.e.o.Deposit [main] Account number: 2312387231369120
Balance before operation: 5700.0 PLN
Deposit: 10.0 PLN
New balance: 5710.0 PLN

2023-05-19 08:04:10,119 INFO o.e.o.Deposit [main] Account number: 4827110000234560
Balance before operation: 2000.0 PLN
Deposit: 100.0 PLN
New balance: 2100.0 PLN

2023-05-19 08:04:10,120 WARN o.e.o.Deposit [main] Amount must be greater than zero

2023-05-19 08:04:10,120 INFO o.e.o.Deposit [main] Account number: 4827110000234560
Balance before operation: 2100.0 PLN
Deposit: 100.0 PLN
New balance: 2200.0 PLN

2023-05-19 08:04:10,121 INFO o.e.o.Deposit [main] Account number: 2312387231369120
Balance before operation: 5000.0 PLN
Deposit: 700.0 PLN
New balance: 5700.0 PLN

2023-05-19 08:04:10,126 INFO o.e.o.Deposit [main] Account number: 2312387231369120
Balance before operation: 5700.0 PLN
Deposit: 10.0 PLN
New balance: 5710.0 PLN

2023-05-19 08:15:05,236 INFO o.e.o.Deposit [main] Account number: 4827110000234560
Balance before operation: 2000.0 PLN
Deposit: 100.0 PLN
New balance: 2100.0 PLN

2023-05-19 08:15:05,237 WARN o.e.o.Deposit [main] Amount must be greater than zero

2023-05-19 08:15:05,237 INFO o.e.o.Deposit [main] Account number: 4827110000234560
Balance before operation: 2100.0 PLN
Deposit: 100.0 PLN
New balance: 2200.0 PLN

2023-05-19 08:15:05,237 INFO o.e.o.Deposit [main] Account number: 2312387231369120
Balance before operation: 5000.0 PLN
Deposit: 700.0 PLN
New balance: 5700.0 PLN

2023-05-19 08:15:05,241 INFO o.e.o.Deposit [main] Account number: 2312387231369120
Balance before operation: 5700.0 PLN
Deposit: 10.0 PLN
New balance: 5710.0 PLN

2023-05-19 13:27:57,455 INFO o.e.o.Deposit [main] Account number: 4827110000234560
Balance before operation: 2000.0 PLN
Deposit: 100.0 PLN
New balance: 2100.0 PLN

2023-05-19 13:27:57,456 WARN o.e.o.Deposit [main] Amount must be greater than zero

2023-05-19 13:27:57,456 INFO o.e.o.Deposit [main] Account number: 4827110000234560
Balance before operation: 2100.0 PLN
Deposit: 100.0 PLN
New balance: 2200.0 PLN

2023-05-19 13:27:57,457 INFO o.e.o.Deposit [main] Account number: 2312387231369120
Balance before operation: 5000.0 PLN
Deposit: 700.0 PLN
New balance: 5700.0 PLN

2023-05-19 13:27:57,461 INFO o.e.o.Deposit [main] Account number: 2312387231369120
Balance before operation: 5700.0 PLN
Deposit: 10.0 PLN
New balance: 5710.0 PLN

2023-05-19 13:51:00,031 INFO o.e.o.Deposit [main] Account number: 4827110000234560
Balance before operation: 2000.0 PLN
Deposit: 100.0 PLN
New balance: 2100.0 PLN

2023-05-19 13:51:00,032 WARN o.e.o.Deposit [main] Amount must be greater than zero

2023-05-19 13:51:00,032 INFO o.e.o.Deposit [main] Account number: 4827110000234560
Balance before operation: 2100.0 PLN
Deposit: 100.0 PLN
New balance: 2200.0 PLN

2023-05-19 13:51:00,033 INFO o.e.o.Deposit [main] Account number: 2312387231369120
Balance before operation: 5000.0 PLN
Deposit: 700.0 PLN
New balance: 5700.0 PLN

2023-05-19 13:51:00,039 INFO o.e.o.Deposit [main] Account number: 2312387231369120
Balance before operation: 5700.0 PLN
Deposit: 10.0 PLN
New balance: 5710.0 PLN

2023-05-19 14:46:50,835 INFO o.e.o.Deposit [main] Account number: 4827110000234560
Balance before operation: 2000.0 PLN
Deposit: 100.0 PLN
New balance: 2100.0 PLN

2023-05-19 14:46:50,836 WARN o.e.o.Deposit [main] Amount must be greater than zero

2023-05-19 14:46:50,836 INFO o.e.o.Deposit [main] Account number: 4827110000234560
Balance before operation: 2100.0 PLN
Deposit: 100.0 PLN
New balance: 2200.0 PLN

2023-05-19 14:46:50,836 INFO o.e.o.Deposit [main] Account number: 2312387231369120
Balance before operation: 5000.0 PLN
Deposit: 700.0 PLN
New balance: 5700.0 PLN

2023-05-19 14:46:50,842 INFO o.e.o.Deposit [main] Account number: 2312387231369120
Balance before operation: 5700.0 PLN
Deposit: 10.0 PLN
New balance: 5710.0 PLN

2023-05-19 14:49:56,334 INFO o.e.o.Deposit [main] Account number: 4827110000234560
Balance before operation: 2000.0 PLN
Deposit: 100.0 PLN
New balance: 2100.0 PLN

2023-05-19 14:49:56,334 WARN o.e.o.Deposit [main] Amount must be greater than zero

2023-05-19 14:49:56,336 INFO o.e.o.Deposit [main] Account number: 4827110000234560
Balance before operation: 2100.0 PLN
Deposit: 100.0 PLN
New balance: 2200.0 PLN

2023-05-19 14:49:56,336 INFO o.e.o.Deposit [main] Account number: 2312387231369120
Balance before operation: 5000.0 PLN
Deposit: 700.0 PLN
New balance: 5700.0 PLN

2023-05-19 14:49:56,340 INFO o.e.o.Deposit [main] Account number: 2312387231369120
Balance before operation: 5700.0 PLN
Deposit: 10.0 PLN
New balance: 5710.0 PLN

2023-05-19 15:14:26,440 INFO o.e.o.Deposit [main] Account number: 4827110000234560
Balance before operation: 2000.0 PLN
Deposit: 100.0 PLN
New balance: 2100.0 PLN

2023-05-19 15:14:26,441 WARN o.e.o.Deposit [main] Amount must be greater than zero

2023-05-19 15:14:26,441 INFO o.e.o.Deposit [main] Account number: 4827110000234560
Balance before operation: 2100.0 PLN
Deposit: 100.0 PLN
New balance: 2200.0 PLN

2023-05-19 15:14:26,442 INFO o.e.o.Deposit [main] Account number: 2312387231369120
Balance before operation: 5000.0 PLN
Deposit: 700.0 PLN
New balance: 5700.0 PLN

2023-05-19 15:14:26,446 INFO o.e.o.Deposit [main] Account number: 2312387231369120
Balance before operation: 5700.0 PLN
Deposit: 10.0 PLN
New balance: 5710.0 PLN

2023-05-19 15:37:18,628 INFO o.e.o.Deposit [main] Account number: 4827110000234560
Balance before operation: 2000.0 PLN
Deposit: 100.0 PLN
New balance: 2100.0 PLN

2023-05-19 15:37:18,628 WARN o.e.o.Deposit [main] Amount must be greater than zero

2023-05-19 15:37:18,629 INFO o.e.o.Deposit [main] Account number: 4827110000234560
Balance before operation: 2100.0 PLN
Deposit: 100.0 PLN
New balance: 2200.0 PLN

2023-05-19 15:37:18,629 INFO o.e.o.Deposit [main] Account number: 2312387231369120
Balance before operation: 5000.0 PLN
Deposit: 700.0 PLN
New balance: 5700.0 PLN

2023-05-19 15:37:18,633 INFO o.e.o.Deposit [main] Account number: 2312387231369120
Balance before operation: 5700.0 PLN
Deposit: 10.0 PLN
New balance: 5710.0 PLN

2023-05-19 15:45:19,121 INFO o.e.o.Deposit [main] Account number: 4827110000234560
Balance before operation: 2000.0 PLN
Deposit: 100.0 PLN
New balance: 2100.0 PLN

2023-05-19 15:45:19,121 WARN o.e.o.Deposit [main] Amount must be greater than zero

2023-05-19 15:45:19,121 INFO o.e.o.Deposit [main] Account number: 4827110000234560
Balance before operation: 2100.0 PLN
Deposit: 100.0 PLN
New balance: 2200.0 PLN

2023-05-19 15:45:19,121 INFO o.e.o.Deposit [main] Account number: 2312387231369120
Balance before operation: 5000.0 PLN
Deposit: 700.0 PLN
New balance: 5700.0 PLN

2023-05-19 15:45:19,125 INFO o.e.o.Deposit [main] Account number: 2312387231369120
Balance before operation: 5700.0 PLN
Deposit: 10.0 PLN
New balance: 5710.0 PLN

2023-05-19 15:52:50,073 INFO o.e.o.Deposit [main] Account number: 4827110000234560
Balance before operation: 2000.0 PLN
Deposit: 100.0 PLN
New balance: 2100.0 PLN

2023-05-19 15:52:50,074 WARN o.e.o.Deposit [main] Amount must be greater than zero

2023-05-19 15:52:50,074 INFO o.e.o.Deposit [main] Account number: 4827110000234560
Balance before operation: 2100.0 PLN
Deposit: 100.0 PLN
New balance: 2200.0 PLN

2023-05-19 15:52:50,075 INFO o.e.o.Deposit [main] Account number: 2312387231369120
Balance before operation: 5000.0 PLN
Deposit: 700.0 PLN
New balance: 5700.0 PLN

2023-05-19 15:52:50,078 INFO o.e.o.Deposit [main] Account number: 2312387231369120
Balance before operation: 5700.0 PLN
Deposit: 10.0 PLN
New balance: 5710.0 PLN

2023-05-19 15:55:29,270 INFO o.e.o.Deposit [main] Account number: 4827110000234560
Balance before operation: 2000.0 PLN
Deposit: 100.0 PLN
New balance: 2100.0 PLN

2023-05-19 15:55:29,270 WARN o.e.o.Deposit [main] Amount must be greater than zero

2023-05-19 15:55:29,271 INFO o.e.o.Deposit [main] Account number: 4827110000234560
Balance before operation: 2100.0 PLN
Deposit: 100.0 PLN
New balance: 2200.0 PLN

2023-05-19 15:55:29,271 INFO o.e.o.Deposit [main] Account number: 2312387231369120
Balance before operation: 5000.0 PLN
Deposit: 700.0 PLN
New balance: 5700.0 PLN

2023-05-19 15:55:29,276 INFO o.e.o.Deposit [main] Account number: 2312387231369120
Balance before operation: 5700.0 PLN
Deposit: 10.0 PLN
New balance: 5710.0 PLN

2023-05-19 16:21:21,581 INFO o.e.o.Deposit [main] Account number: 4827110000234560
Balance before operation: 2000.0 PLN
Deposit: 100.0 PLN
New balance: 2100.0 PLN

2023-05-19 16:21:21,582 WARN o.e.o.Deposit [main] Amount must be greater than zero

2023-05-19 16:21:21,583 INFO o.e.o.Deposit [main] Account number: 4827110000234560
Balance before operation: 2100.0 PLN
Deposit: 100.0 PLN
New balance: 2200.0 PLN

2023-05-19 16:21:21,583 INFO o.e.o.Deposit [main] Account number: 2312387231369120
Balance before operation: 5000.0 PLN
Deposit: 700.0 PLN
New balance: 5700.0 PLN

2023-05-19 16:21:21,587 INFO o.e.o.Deposit [main] Account number: 2312387231369120
Balance before operation: 5700.0 PLN
Deposit: 10.0 PLN
New balance: 5710.0 PLN

2023-05-19 16:22:28,171 INFO o.e.o.Deposit [main] Account number: 4827110000234560
Balance before operation: 2000.0 PLN
Deposit: 100.0 PLN
New balance: 2100.0 PLN

2023-05-19 16:22:28,172 WARN o.e.o.Deposit [main] Amount must be greater than zero

2023-05-19 16:22:28,172 INFO o.e.o.Deposit [main] Account number: 4827110000234560
Balance before operation: 2100.0 PLN
Deposit: 100.0 PLN
New balance: 2200.0 PLN

2023-05-19 16:22:28,173 INFO o.e.o.Deposit [main] Account number: 2312387231369120
Balance before operation: 5000.0 PLN
Deposit: 700.0 PLN
New balance: 5700.0 PLN

2023-05-19 16:22:28,177 INFO o.e.o.Deposit [main] Account number: 2312387231369120
Balance before operation: 5700.0 PLN
Deposit: 10.0 PLN
New balance: 5710.0 PLN

2023-05-19 16:25:35,508 INFO o.e.o.Deposit [main] Account number: 4827110000234560
Balance before operation: 2000.0 PLN
Deposit: 100.0 PLN
New balance: 2100.0 PLN

2023-05-19 16:25:35,509 WARN o.e.o.Deposit [main] Amount must be greater than zero

2023-05-19 16:25:35,509 INFO o.e.o.Deposit [main] Account number: 4827110000234560
Balance before operation: 2100.0 PLN
Deposit: 100.0 PLN
New balance: 2200.0 PLN

2023-05-19 16:25:35,510 INFO o.e.o.Deposit [main] Account number: 2312387231369120
Balance before operation: 5000.0 PLN
Deposit: 700.0 PLN
New balance: 5700.0 PLN

2023-05-19 16:25:35,514 INFO o.e.o.Deposit [main] Account number: 2312387231369120
Balance before operation: 5700.0 PLN
Deposit: 10.0 PLN
New balance: 5710.0 PLN

2023-05-19 16:44:59,010 INFO o.e.o.Deposit [main] Account number: 4827110000234560
Balance before operation: 2000.0 PLN
Deposit: 100.0 PLN
New balance: 2100.0 PLN

2023-05-19 16:44:59,012 WARN o.e.o.Deposit [main] Amount must be greater than zero

2023-05-19 16:44:59,012 INFO o.e.o.Deposit [main] Account number: 4827110000234560
Balance before operation: 2100.0 PLN
Deposit: 100.0 PLN
New balance: 2200.0 PLN

2023-05-19 16:44:59,013 INFO o.e.o.Deposit [main] Account number: 2312387231369120
Balance before operation: 5000.0 PLN
Deposit: 700.0 PLN
New balance: 5700.0 PLN

2023-05-19 16:44:59,016 INFO o.e.o.Deposit [main] Account number: 2312387231369120
Balance before operation: 5700.0 PLN
Deposit: 10.0 PLN
New balance: 5710.0 PLN

2023-05-19 16:47:29,344 INFO o.e.o.Deposit [main] Account number: 4827110000234560
Balance before operation: 2000.0 PLN
Deposit: 100.0 PLN
New balance: 2100.0 PLN

2023-05-19 16:47:29,345 WARN o.e.o.Deposit [main] Amount must be greater than zero

2023-05-19 16:47:29,345 INFO o.e.o.Deposit [main] Account number: 4827110000234560
Balance before operation: 2100.0 PLN
Deposit: 100.0 PLN
New balance: 2200.0 PLN

2023-05-19 16:47:29,346 INFO o.e.o.Deposit [main] Account number: 2312387231369120
Balance before operation: 5000.0 PLN
Deposit: 700.0 PLN
New balance: 5700.0 PLN

2023-05-19 16:47:29,350 INFO o.e.o.Deposit [main] Account number: 2312387231369120
Balance before operation: 5700.0 PLN
Deposit: 10.0 PLN
New balance: 5710.0 PLN

2023-05-19 16:48:47,955 INFO o.e.o.Deposit [main] Account number: 4827110000234560
Balance before operation: 2000.0 PLN
Deposit: 100.0 PLN
New balance: 2100.0 PLN

2023-05-19 16:48:47,956 WARN o.e.o.Deposit [main] Amount must be greater than zero

2023-05-19 16:48:47,956 INFO o.e.o.Deposit [main] Account number: 4827110000234560
Balance before operation: 2100.0 PLN
Deposit: 100.0 PLN
New balance: 2200.0 PLN

2023-05-19 16:48:47,957 INFO o.e.o.Deposit [main] Account number: 2312387231369120
Balance before operation: 5000.0 PLN
Deposit: 700.0 PLN
New balance: 5700.0 PLN

2023-05-19 16:48:47,961 INFO o.e.o.Deposit [main] Account number: 2312387231369120
Balance before operation: 5700.0 PLN
Deposit: 10.0 PLN
New balance: 5710.0 PLN

2023-05-19 16:51:40,148 INFO o.e.o.Deposit [main] Account number: 4827110000234560
Balance before operation: 2000.0 PLN
Deposit: 100.0 PLN
New balance: 2100.0 PLN

2023-05-19 16:51:40,148 WARN o.e.o.Deposit [main] Amount must be greater than zero

2023-05-19 16:51:40,148 INFO o.e.o.Deposit [main] Account number: 4827110000234560
Balance before operation: 2100.0 PLN
Deposit: 100.0 PLN
New balance: 2200.0 PLN

2023-05-19 16:51:40,149 INFO o.e.o.Deposit [main] Account number: 2312387231369120
Balance before operation: 5000.0 PLN
Deposit: 700.0 PLN
New balance: 5700.0 PLN

2023-05-19 16:51:40,152 INFO o.e.o.Deposit [main] Account number: 2312387231369120
Balance before operation: 5700.0 PLN
Deposit: 10.0 PLN
New balance: 5710.0 PLN

2023-05-19 16:57:01,753 INFO o.e.o.Deposit [main] Account number: 4827110000234560
Balance before operation: 2000.0 PLN
Deposit: 100.0 PLN
New balance: 2100.0 PLN

2023-05-19 16:57:01,754 WARN o.e.o.Deposit [main] Amount must be greater than zero

2023-05-19 16:57:01,754 INFO o.e.o.Deposit [main] Account number: 4827110000234560
Balance before operation: 2100.0 PLN
Deposit: 100.0 PLN
New balance: 2200.0 PLN

2023-05-19 16:57:01,755 INFO o.e.o.Deposit [main] Account number: 2312387231369120
Balance before operation: 5000.0 PLN
Deposit: 700.0 PLN
New balance: 5700.0 PLN

2023-05-19 16:57:01,758 INFO o.e.o.Deposit [main] Account number: 2312387231369120
Balance before operation: 5700.0 PLN
Deposit: 10.0 PLN
New balance: 5710.0 PLN

2023-05-19 16:58:13,399 INFO o.e.o.Deposit [main] Account number: 4827110000234560
Balance before operation: 2000.0 PLN
Deposit: 100.0 PLN
New balance: 2100.0 PLN

2023-05-19 16:58:13,400 WARN o.e.o.Deposit [main] Amount must be greater than zero

2023-05-19 16:58:13,400 INFO o.e.o.Deposit [main] Account number: 4827110000234560
Balance before operation: 2100.0 PLN
Deposit: 100.0 PLN
New balance: 2200.0 PLN

2023-05-19 16:58:13,400 INFO o.e.o.Deposit [main] Account number: 2312387231369120
Balance before operation: 5000.0 PLN
Deposit: 700.0 PLN
New balance: 5700.0 PLN

2023-05-19 16:58:13,404 INFO o.e.o.Deposit [main] Account number: 2312387231369120
Balance before operation: 5700.0 PLN
Deposit: 10.0 PLN
New balance: 5710.0 PLN

2023-05-19 17:24:18,655 INFO o.e.o.Deposit [main] Account number: 4827110000234560
Balance before operation: 2000.0 PLN
Deposit: 100.0 PLN
New balance: 2100.0 PLN

2023-05-19 17:24:18,656 WARN o.e.o.Deposit [main] Amount must be greater than zero

2023-05-19 17:24:18,656 INFO o.e.o.Deposit [main] Account number: 4827110000234560
Balance before operation: 2100.0 PLN
Deposit: 100.0 PLN
New balance: 2200.0 PLN

2023-05-19 17:24:18,656 INFO o.e.o.Deposit [main] Account number: 2312387231369120
Balance before operation: 5000.0 PLN
Deposit: 700.0 PLN
New balance: 5700.0 PLN

2023-05-19 17:24:18,661 INFO o.e.o.Deposit [main] Account number: 2312387231369120
Balance before operation: 5700.0 PLN
Deposit: 10.0 PLN
New balance: 5710.0 PLN

2023-05-20 13:09:43,333 INFO o.e.o.Deposit [main] Account number: 4827110000234560
Balance before operation: 2000.0 PLN
Deposit: 100.0 PLN
New balance: 2100.0 PLN

2023-05-20 13:09:43,333 WARN o.e.o.Deposit [main] Amount must be greater than zero

2023-05-20 13:09:43,333 INFO o.e.o.Deposit [main] Account number: 4827110000234560
Balance before operation: 2100.0 PLN
Deposit: 100.0 PLN
New balance: 2200.0 PLN

2023-05-20 13:09:43,335 INFO o.e.o.Deposit [main] Account number: 2312387231369120
Balance before operation: 5000.0 PLN
Deposit: 700.0 PLN
New balance: 5700.0 PLN

2023-05-20 13:09:43,339 INFO o.e.o.Deposit [main] Account number: 2312387231369120
Balance before operation: 5700.0 PLN
Deposit: 10.0 PLN
New balance: 5710.0 PLN

2023-05-23 17:01:42,825 INFO o.e.c.Client [pool-2-thread-1] Client 1 (Thread ID: 18) - Waiting for a connection. Waiting clients: 1
2023-05-23 17:01:42,911 INFO o.e.c.Client [pool-2-thread-2] Client 2 (Thread ID: 19) - Waiting for a connection. Waiting clients: 2
2023-05-23 17:01:43,017 INFO o.e.c.Client [pool-2-thread-3] Client 3 (Thread ID: 20) - Waiting for a connection. Waiting clients: 3
2023-05-23 17:01:43,125 INFO o.e.c.Client [pool-2-thread-4] Client 4 (Thread ID: 21) - Waiting for a connection. Waiting clients: 4
2023-05-23 17:01:43,233 INFO o.e.c.Client [pool-2-thread-5] Client 5 (Thread ID: 22) - Waiting for a connection. Waiting clients: 5
2023-05-23 17:01:43,339 INFO o.e.c.Client [pool-2-thread-6] Client 6 (Thread ID: 23) - Waiting for a connection. Waiting clients: 6
2023-05-23 17:01:43,449 INFO o.e.c.Client [pool-2-thread-7] Client 7 (Thread ID: 24) - Waiting for a connection. Waiting clients: 7
2023-05-23 17:01:44,846 INFO o.e.c.Connection [pool-2-thread-1] Client 1 (Thread ID: 18) - Successfully connected to the database. Connection ID: 1. Waiting clients: 6
2023-05-23 17:01:44,924 INFO o.e.c.Connection [pool-2-thread-2] Client 2 (Thread ID: 19) - Successfully connected to the database. Connection ID: 2. Waiting clients: 5
2023-05-23 17:01:45,032 INFO o.e.c.Connection [pool-2-thread-3] Client 3 (Thread ID: 20) - Successfully connected to the database. Connection ID: 3. Waiting clients: 4
2023-05-23 17:01:45,141 INFO o.e.c.Connection [pool-2-thread-4] Client 4 (Thread ID: 21) - Successfully connected to the database. Connection ID: 4. Waiting clients: 3
2023-05-23 17:01:45,251 INFO o.e.c.Connection [pool-2-thread-5] Client 5 (Thread ID: 22) - Successfully connected to the database. Connection ID: 5. Waiting clients: 2
2023-05-23 17:01:47,855 INFO o.e.c.Connection [pool-2-thread-1] Client 1 (Thread ID: 18) - Released connection. Connection ID: 1. Waiting clients: 2
2023-05-23 17:01:47,855 INFO o.e.c.Connection [pool-2-thread-6] Client 1 (Thread ID: 23) - Successfully connected to the database. Connection ID: 1. Waiting clients: 1
2023-05-23 17:01:47,933 INFO o.e.c.Connection [pool-2-thread-2] Client 2 (Thread ID: 19) - Released connection. Connection ID: 2. Waiting clients: 1
2023-05-23 17:01:47,933 INFO o.e.c.Connection [pool-2-thread-7] Client 2 (Thread ID: 24) - Successfully connected to the database. Connection ID: 2. Waiting clients: 0
2023-05-23 17:01:48,041 INFO o.e.c.Connection [pool-2-thread-3] Client 3 (Thread ID: 20) - Released connection. Connection ID: 3. Waiting clients: 0
2023-05-23 17:01:48,151 INFO o.e.c.Connection [pool-2-thread-4] Client 4 (Thread ID: 21) - Released connection. Connection ID: 4. Waiting clients: 0
2023-05-23 17:01:48,260 INFO o.e.c.Connection [pool-2-thread-5] Client 5 (Thread ID: 22) - Released connection. Connection ID: 5. Waiting clients: 0
2023-05-23 17:01:50,858 INFO o.e.c.Connection [pool-2-thread-6] Client 1 (Thread ID: 23) - Released connection. Connection ID: 1. Waiting clients: 0
2023-05-23 17:01:50,949 INFO o.e.c.Connection [pool-2-thread-7] Client 2 (Thread ID: 24) - Released connection. Connection ID: 2. Waiting clients: 0
2023-05-23 17:01:55,578 INFO o.e.c.ConnectionPool [pool-3-thread-1] 
No more waiting clients. Shutting down connections.
2023-05-23 17:04:24,964 INFO o.e.c.Client [pool-2-thread-1] Client 1 (Thread ID: 18) - Waiting for a connection. Waiting clients: 1
2023-05-23 17:04:25,047 INFO o.e.c.Client [pool-2-thread-2] Client 2 (Thread ID: 19) - Waiting for a connection. Waiting clients: 2
2023-05-23 17:04:25,155 INFO o.e.c.Client [pool-2-thread-3] Client 3 (Thread ID: 20) - Waiting for a connection. Waiting clients: 3
2023-05-23 17:04:25,264 INFO o.e.c.Client [pool-2-thread-4] Client 4 (Thread ID: 21) - Waiting for a connection. Waiting clients: 4
2023-05-23 17:04:25,372 INFO o.e.c.Client [pool-2-thread-5] Client 5 (Thread ID: 22) - Waiting for a connection. Waiting clients: 5
2023-05-23 17:04:25,482 INFO o.e.c.Client [pool-2-thread-6] Client 6 (Thread ID: 23) - Waiting for a connection. Waiting clients: 6
2023-05-23 17:04:25,593 INFO o.e.c.Client [pool-2-thread-7] Client 7 (Thread ID: 24) - Waiting for a connection. Waiting clients: 7
2023-05-23 17:04:26,976 INFO o.e.c.Connection [pool-2-thread-1] Client 1 (Thread ID: 18) - Successfully connected to the database. Connection ID: 1. Waiting clients: 6
2023-05-23 17:04:27,054 INFO o.e.c.Connection [pool-2-thread-2] Client 2 (Thread ID: 19) - Successfully connected to the database. Connection ID: 2. Waiting clients: 5
2023-05-23 17:04:27,163 INFO o.e.c.Connection [pool-2-thread-3] Client 3 (Thread ID: 20) - Successfully connected to the database. Connection ID: 3. Waiting clients: 4
2023-05-23 17:04:27,273 INFO o.e.c.Connection [pool-2-thread-4] Client 4 (Thread ID: 21) - Successfully connected to the database. Connection ID: 4. Waiting clients: 3
2023-05-23 17:04:27,380 INFO o.e.c.Connection [pool-2-thread-5] Client 5 (Thread ID: 22) - Successfully connected to the database. Connection ID: 5. Waiting clients: 2
2023-05-23 17:04:29,991 INFO o.e.c.Connection [pool-2-thread-1] Client 1 (Thread ID: 18) - Released connection. Connection ID: 1. Waiting clients: 2
2023-05-23 17:04:29,991 INFO o.e.c.Connection [pool-2-thread-6] Client 1 (Thread ID: 23) - Successfully connected to the database. Connection ID: 1. Waiting clients: 1
2023-05-23 17:04:30,067 INFO o.e.c.Connection [pool-2-thread-2] Client 2 (Thread ID: 19) - Released connection. Connection ID: 2. Waiting clients: 1
2023-05-23 17:04:30,067 INFO o.e.c.Connection [pool-2-thread-7] Client 2 (Thread ID: 24) - Successfully connected to the database. Connection ID: 2. Waiting clients: 0
2023-05-23 17:04:30,177 INFO o.e.c.Connection [pool-2-thread-3] Client 3 (Thread ID: 20) - Released connection. Connection ID: 3. Waiting clients: 0
2023-05-23 17:04:30,286 INFO o.e.c.Connection [pool-2-thread-4] Client 4 (Thread ID: 21) - Released connection. Connection ID: 4. Waiting clients: 0
2023-05-23 17:04:30,395 INFO o.e.c.Connection [pool-2-thread-5] Client 5 (Thread ID: 22) - Released connection. Connection ID: 5. Waiting clients: 0
2023-05-23 17:04:33,006 INFO o.e.c.Connection [pool-2-thread-6] Client 1 (Thread ID: 23) - Released connection. Connection ID: 1. Waiting clients: 0
2023-05-23 17:04:33,084 INFO o.e.c.Connection [pool-2-thread-7] Client 2 (Thread ID: 24) - Released connection. Connection ID: 2. Waiting clients: 0
2023-05-23 17:04:37,722 INFO o.e.c.ConnectionPool [pool-3-thread-1] 
No more waiting clients. Shutting down connections.
2023-05-23 18:08:43,048 INFO o.e.o.Deposit [main] Account number: 4827110000234560
Balance before operation: 2000.0 PLN
Deposit: 100.0 PLN
New balance: 2100.0 PLN

2023-05-23 18:08:43,050 WARN o.e.o.Deposit [main] Amount must be greater than zero

2023-05-23 18:08:43,050 INFO o.e.o.Deposit [main] Account number: 4827110000234560
Balance before operation: 2100.0 PLN
Deposit: 100.0 PLN
New balance: 2200.0 PLN

2023-05-23 18:08:43,050 INFO o.e.o.Deposit [main] Account number: 2312387231369120
Balance before operation: 5000.0 PLN
Deposit: 700.0 PLN
New balance: 5700.0 PLN

2023-05-23 18:08:43,055 INFO o.e.o.Deposit [main] Account number: 2312387231369120
Balance before operation: 5700.0 PLN
Deposit: 10.0 PLN
New balance: 5710.0 PLN

2023-05-23 18:09:41,720 INFO o.e.o.Deposit [main] Account number: 4827110000234560
Balance before operation: 2000.0 PLN
Deposit: 100.0 PLN
New balance: 2100.0 PLN

2023-05-23 18:09:41,721 WARN o.e.o.Deposit [main] Amount must be greater than zero

2023-05-23 18:09:41,721 INFO o.e.o.Deposit [main] Account number: 4827110000234560
Balance before operation: 2100.0 PLN
Deposit: 100.0 PLN
New balance: 2200.0 PLN

2023-05-23 18:09:41,722 INFO o.e.o.Deposit [main] Account number: 2312387231369120
Balance before operation: 5000.0 PLN
Deposit: 700.0 PLN
New balance: 5700.0 PLN

2023-05-23 18:09:41,725 INFO o.e.o.Deposit [main] Account number: 2312387231369120
Balance before operation: 5700.0 PLN
Deposit: 10.0 PLN
New balance: 5710.0 PLN

2023-05-25 13:21:40,619 INFO o.e.o.Deposit [main] Account number: 4827110000234560
Balance before operation: 2000.0 PLN
Deposit: 100.0 PLN
New balance: 2100.0 PLN

2023-05-25 13:21:40,621 WARN o.e.o.Deposit [main] Amount must be greater than zero

2023-05-25 13:21:40,621 INFO o.e.o.Deposit [main] Account number: 4827110000234560
Balance before operation: 2100.0 PLN
Deposit: 100.0 PLN
New balance: 2200.0 PLN

2023-05-25 13:21:40,623 INFO o.e.o.Deposit [main] Account number: 2312387231369120
Balance before operation: 5000.0 PLN
Deposit: 700.0 PLN
New balance: 5700.0 PLN

2023-05-25 13:21:40,630 INFO o.e.o.Deposit [main] Account number: 2312387231369120
Balance before operation: 5700.0 PLN
Deposit: 10.0 PLN
New balance: 5710.0 PLN

2023-05-25 14:08:31,658 INFO o.e.o.Deposit [main] Account number: 4827110000234560
Balance before operation: 2000.0 PLN
Deposit: 100.0 PLN
New balance: 2100.0 PLN

2023-05-25 14:08:31,659 WARN o.e.o.Deposit [main] Amount must be greater than zero

2023-05-25 14:08:31,660 INFO o.e.o.Deposit [main] Account number: 4827110000234560
Balance before operation: 2100.0 PLN
Deposit: 100.0 PLN
New balance: 2200.0 PLN

2023-05-25 14:08:31,662 INFO o.e.o.Deposit [main] Account number: 2312387231369120
Balance before operation: 5000.0 PLN
Deposit: 700.0 PLN
New balance: 5700.0 PLN

2023-05-25 14:08:31,669 INFO o.e.o.Deposit [main] Account number: 2312387231369120
Balance before operation: 5700.0 PLN
Deposit: 10.0 PLN
New balance: 5710.0 PLN

2023-05-28 13:09:24,418 INFO o.e.o.Deposit [main] Account number: 4827110000234560
Balance before operation: 2000.0 PLN
Deposit: 100.0 PLN
New balance: 2100.0 PLN

2023-05-28 13:09:24,419 WARN o.e.o.Deposit [main] Amount must be greater than zero

2023-05-28 13:09:24,420 INFO o.e.o.Deposit [main] Account number: 4827110000234560
Balance before operation: 2100.0 PLN
Deposit: 100.0 PLN
New balance: 2200.0 PLN

2023-05-28 13:09:24,421 INFO o.e.o.Deposit [main] Account number: 2312387231369120
Balance before operation: 5000.0 PLN
Deposit: 700.0 PLN
New balance: 5700.0 PLN

2023-05-28 13:09:24,425 INFO o.e.o.Deposit [main] Account number: 2312387231369120
Balance before operation: 5700.0 PLN
Deposit: 10.0 PLN
New balance: 5710.0 PLN

