2023-05-03 11:11:12,028 INFO o.e.o.Transfer [main] Transfer from account 482711000023456 to account 231238723136912 completed successfully
2023-05-03 11:18:43,792 INFO o.e.o.Transfer [main] Transfer from account 482711000023456 to account 231238723136912 completed successfully
2023-05-03 11:21:00,595 INFO o.e.o.Transfer [main] Transfer from account 482711000023456 to account 231238723136912 completed successfully
2023-05-03 12:13:17,267 INFO o.e.o.Transfer [main] Transfer from account 482711000023456 to account 231238723136912 completed successfully
2023-05-03 12:41:16,820 INFO o.e.o.Transfer [main] Transfer from account 482711000023456 to account 231238723136912 completed successfully
2023-05-03 12:45:38,845 INFO o.e.o.Transfer [main] Transfer from account 482711000023456 to account 231238723136912 completed successfully
2023-05-03 13:12:02,355 INFO o.e.o.Transfer [main] Transfer from account 482711000023456 to account 231238723136912 completed successfully
2023-05-03 13:12:46,982 INFO o.e.o.Transfer [main] Transfer from account 482711000023456 to account 231238723136912 completed successfully
2023-05-03 13:13:23,445 INFO o.e.o.Transfer [main] Transfer from account 482711000023456 to account 231238723136912 completed successfully
2023-05-03 15:26:18,842 INFO o.e.o.Transfer [main] Transfer from account 482711000023456 to account 231238723136912 completed successfully
2023-05-03 15:31:56,735 INFO o.e.o.Transfer [main] Transfer from account 482711000023456 to account 231238723136912 completed successfully
2023-05-03 15:32:45,762 INFO o.e.o.Transfer [main] Transfer from account 482711000023456 to account 231238723136912 completed successfully
2023-05-03 15:34:53,904 INFO o.e.o.Transfer [main] Transfer from account 482711000023456 to account 231238723136912 completed successfully
2023-05-03 15:36:42,856 INFO o.e.o.Transfer [main] Transfer from account 482711000023456 to account 231238723136912 completed successfully
2023-05-03 15:41:18,982 INFO o.e.o.Transfer [main] Transfer from account 482711000023456 to account 231238723136912 completed successfully
2023-05-03 15:46:44,199 INFO o.e.o.Transfer [main] Transfer from account 482711000023456 to account 231238723136912 completed successfully
2023-05-03 15:47:12,609 INFO o.e.o.Transfer [main] Transfer from account 482711000023456 to account 231238723136912 completed successfully
2023-05-03 15:50:58,426 INFO o.e.o.Transfer [main] Transfer from account 482711000023456 to account 231238723136912 completed successfully
2023-05-03 16:50:13,246 INFO o.e.o.Transfer [main] Transfer from account 482711000023456 to account 231238723136912 completed successfully
2023-05-03 16:52:10,050 INFO o.e.o.Transfer [main] Transfer from account 482711000023456 to account 231238723136912 completed successfully
2023-05-03 16:59:37,237 INFO o.e.o.Transfer [main] Transfer from account 482711000023456 to account 231238723136912 completed successfully
2023-05-03 17:25:39,828 INFO o.e.o.Transfer [main] Transfer from account 482711000023456 to account 231238723136912 completed successfully
2023-05-03 17:38:59,306 INFO o.e.o.Transfer [main] Transfer from account 482711000023456 to account 231238723136912 completed successfully
2023-05-03 17:39:56,091 INFO o.e.o.Transfer [main] Transfer from account 482711000023456 to account 231238723136912 completed successfully
2023-05-03 19:43:53,877 INFO o.e.o.Transfer [main] Transfer from account 482711000023456 to account 231238723136912 completed successfully
2023-05-04 07:41:11,205 INFO o.e.o.Transfer [main] Transfer from account 482711000023456 to account 231238723136912 completed successfully
2023-05-04 07:42:57,560 INFO o.e.o.Transfer [main] Transfer from account 482711000023456 to account 231238723136912 completed successfully
2023-05-04 07:43:24,220 INFO o.e.o.Transfer [main] Transfer from account 482711000023456 to account 231238723136912 completed successfully
2023-05-04 07:53:27,164 INFO o.e.o.Transfer [main] Transfer from account 482711000023456 to account 231238723136912 completed successfully
2023-05-04 07:54:58,343 INFO o.e.o.Transfer [main] Transfer from account 482711000023456 to account 231238723136912 completed successfully
2023-05-04 07:56:12,936 INFO o.e.o.Transfer [main] Transfer from account 482711000023456 to account 231238723136912 completed successfully
2023-05-04 07:57:40,351 INFO o.e.o.Transfer [main] Transfer from account 482711000023456 to account 231238723136912 completed successfully
2023-05-04 07:58:31,937 INFO o.e.o.Transfer [main] Transfer from account 482711000023456 to account 231238723136912 completed successfully
2023-05-04 08:00:31,805 INFO o.e.o.Transfer [main] Transfer from account 482711000023456 to account 231238723136912 completed successfully
2023-05-04 08:04:14,524 INFO o.e.o.Transfer [main] Transfer from account 482711000023456 to account 231238723136912 completed successfully
2023-05-04 08:04:40,932 INFO o.e.o.Transfer [main] Transfer from account 482711000023456 to account 231238723136912 completed successfully
2023-05-04 08:06:39,580 INFO o.e.o.Transfer [main] Transfer from account 482711000023456 to account 231238723136912 completed successfully
2023-05-04 08:09:20,258 INFO o.e.o.Transfer [main] Transfer from account 482711000023456 to account 231238723136912 completed successfully
2023-05-04 08:10:57,583 INFO o.e.o.Transfer [main] Transfer from account 482711000023456 to account 231238723136912 completed successfully
2023-05-04 08:11:32,602 INFO o.e.o.Transfer [main] Transfer from account 482711000023456 to account 231238723136912 completed successfully
2023-05-04 08:32:59,390 INFO o.e.o.Transfer [main] Transfer from account 482711000023456 to account 231238723136912 completed successfully
2023-05-04 08:38:28,188 INFO o.e.o.Transfer [main] Transfer from account 482711000023456 to account 231238723136912 completed successfully
2023-05-04 08:41:12,657 INFO o.e.o.Transfer [main] Transfer from account 482711000023456 to account 231238723136912 completed successfully
2023-05-04 08:42:09,849 INFO o.e.o.Transfer [main] Transfer from account 482711000023456 to account 231238723136912 completed successfully
2023-05-04 10:16:16,813 INFO o.e.o.Transfer [main] Transfer from account 482711000023456 to account 231238723136912 completed successfully
2023-05-04 12:35:41,564 INFO o.e.o.Transfer [main] Transfer from account 482711000023456 to account 231238723136912 completed successfully
2023-05-04 12:50:49,241 INFO o.e.o.Transfer [main] Transfer from account 482711000023456 to account 231238723136912 completed successfully
2023-05-04 12:53:18,607 INFO o.e.o.Transfer [main] Transfer from account 482711000023456 to account 231238723136912 completed successfully
2023-05-04 12:59:20,308 INFO o.e.o.Transfer [main] Transfer from account 482711000023456 to account 231238723136912 completed successfully
2023-05-04 13:04:40,759 INFO o.e.o.Transfer [main] Transfer from account 482711000023456 to account 231238723136912 completed successfully
2023-05-04 13:13:33,348 INFO o.e.o.Transfer [main] Transfer from account 482711000023456 to account 231238723136912 completed successfully
2023-05-04 13:15:43,061 INFO o.e.o.Transfer [main] Transfer from account 482711000023456 to account 231238723136912 completed successfully
2023-05-04 13:17:05,853 INFO o.e.o.Transfer [main] Transfer from account 482711000023456 to account 231238723136912 completed successfully
2023-05-04 13:44:03,002 INFO o.e.o.Transfer [main] Transfer from account 482711000023456 to account 231238723136912 completed successfully
2023-05-04 13:58:53,559 INFO o.e.o.Transfer [main] Transfer from account 482711000023456 to account 231238723136912 completed successfully
2023-05-04 13:59:33,675 INFO o.e.o.Transfer [main] Transfer from account 482711000023456 to account 231238723136912 completed successfully
2023-05-04 14:12:59,202 INFO o.e.o.Transfer [main] Transfer from account 482711000023456 to account 231238723136912 completed successfully
2023-05-04 14:23:49,507 INFO o.e.o.Transfer [main] Transfer from account 482711000023456 to account 231238723136912 completed successfully
2023-05-04 14:30:30,059 INFO o.e.o.Transfer [main] Transfer from account 482711000023456 to account 231238723136912 completed successfully
2023-05-04 14:33:55,236 INFO o.e.o.Transfer [main] Transfer from account 482711000023456 to account 231238723136912 completed successfully
2023-05-04 14:50:28,066 INFO o.e.o.Transfer [main] Transfer from account 482711000023456 to account 231238723136912 completed successfully
2023-05-04 14:51:52,249 INFO o.e.o.Transfer [main] Transfer from account 482711000023456 to account 231238723136912 completed successfully
2023-05-04 15:00:18,827 INFO o.e.o.Transfer [main] Transfer from account 482711000023456 to account 231238723136912 completed successfully
2023-05-04 15:03:02,194 INFO o.e.o.Transfer [main] Transfer from account 482711000023456 to account 231238723136912 completed successfully
2023-05-04 15:05:54,568 INFO o.e.o.Transfer [main] Transfer from account 482711000023456 to account 231238723136912 completed successfully
2023-05-04 15:11:01,012 INFO o.e.o.Transfer [main] Transfer from account 482711000023456 to account 231238723136912 completed successfully
2023-05-04 15:29:23,118 INFO o.e.o.Transfer [main] Transfer from account 482711000023456 to account 231238723136912 completed successfully
2023-05-04 16:00:44,451 INFO o.e.o.Transfer [main] Transfer from account 482711000023456 to account 231238723136912 completed successfully
2023-05-04 16:02:09,901 INFO o.e.o.Transfer [main] Transfer from account 482711000023456 to account 231238723136912 completed successfully
2023-05-04 16:32:01,515 INFO o.e.o.Transfer [main] Transfer from account 482711000023456 to account 231238723136912 completed successfully
2023-05-04 16:40:26,223 INFO o.e.o.Transfer [main] Transfer from account 482711000023456 to account 231238723136912 completed successfully
2023-05-04 16:44:33,161 INFO o.e.o.Transfer [main] Transfer from account 482711000023456 to account 231238723136912 completed successfully
2023-05-04 16:51:19,190 INFO o.e.o.Transfer [main] Transfer from account 482711000023456 to account 231238723136912 completed successfully
2023-05-04 19:13:06,648 INFO o.e.o.Transfer [main] Transfer from account 482711000023456 to account 231238723136912 completed successfully
2023-05-04 19:14:38,676 INFO o.e.o.Transfer [main] Transfer from account 482711000023456 to account 231238723136912 completed successfully
2023-05-04 19:15:30,879 INFO o.e.o.Transfer [main] Transfer from account 482711000023456 to account 231238723136912 completed successfully
2023-05-04 19:41:48,066 INFO o.e.o.Transfer [main] Transfer from account 482711000023456 to account 231238723136912 completed successfully
2023-05-04 19:47:53,726 INFO o.e.o.Transfer [main] Transfer from account 4827110000234560 to account 2312387231369120 completed successfully
2023-05-04 19:56:12,683 INFO o.e.o.Transfer [main] Transfer from account 4827110000234560 to account 2312387231369120 completed successfully
2023-05-04 19:59:58,065 INFO o.e.o.Transfer [main] Transfer from account 4827110000234560 to account 2312387231369120 completed successfully
2023-05-04 20:02:01,009 INFO o.e.o.Transfer [main] Transfer from account 4827110000234560 to account 2312387231369120 completed successfully
2023-05-04 22:24:52,178 INFO o.e.o.Transfer [main] Transfer from account 4827110000234560 to account 2312387231369120 completed successfully
2023-05-05 09:01:33,022 INFO o.e.o.Transfer [main] Transfer from account 4827110000234560 to account 2312387231369120 completed successfully
2023-05-05 09:01:33,025 INFO o.e.o.Transfer [main] Transfer from account 4827110000234560 to account 2312387231369120 completed successfully
2023-05-05 09:01:33,025 INFO o.e.o.Transfer [main] Transfer from account 4827110000234560 to account 2312387231369120 completed successfully
2023-05-05 09:01:33,027 WARN o.e.o.Transfer [main] Daily transfers limit exceeded for account 4827110000234560
2023-05-05 09:22:18,219 INFO o.e.o.Transfer [main] Transfer from account 4827110000234560 to account 2312387231369120 completed successfully
2023-05-05 09:55:57,475 INFO o.e.o.Transfer [main] Transfer from account 4827110000234560 to account 2312387231369120 completed successfully
2023-05-05 09:56:56,113 INFO o.e.o.Transfer [main] Transfer from account 4827110000234560 to account 2312387231369120 completed successfully
2023-05-05 14:33:17,604 ERROR o.e.o.Transfer [main] Transfer failed: Cannot invoke "org.example.card.Card.isBlocked()" because the return value of "org.example.account.Account.getCard()" is null
java.lang.NullPointerException: Cannot invoke "org.example.card.Card.isBlocked()" because the return value of "org.example.account.Account.getCard()" is null
	at org.example.operations.Deposit.deposit(Deposit.java:10) ~[classes/:?]
	at org.example.operations.Transfer.transfer(Transfer.java:41) [classes/:?]
	at org.example.Main.main(Main.java:98) [classes/:?]
2023-05-05 15:20:43,259 INFO o.e.o.Transfer [main] Transfer from account 4827110000234560 to account 2312387231369120 completed successfully
2023-05-05 15:28:07,111 INFO o.e.o.Transfer [main] Transfer from account 4827110000234560 to account 2312387231369120 completed successfully
2023-05-05 16:17:12,745 INFO o.e.o.Transfer [main] Transfer from account 4827110000234560 to account 2312387231369120 completed successfully
2023-05-05 16:18:13,411 INFO o.e.o.Transfer [main] Transfer from account 4827110000234560 to account 2312387231369120 completed successfully
2023-05-05 16:29:30,852 INFO o.e.o.Transfer [main] Transfer from account 4827110000234560 to account 2312387231369120 completed successfully
2023-05-05 16:41:05,754 INFO o.e.o.Transfer [main] Transfer from account 4827110000234560 to account 2312387231369120 completed successfully
2023-05-05 16:42:28,484 INFO o.e.o.Transfer [main] Transfer from account 4827110000234560 to account 2312387231369120 completed successfully
2023-05-05 16:45:50,180 INFO o.e.o.Transfer [main] Transfer from account 4827110000234560 to account 2312387231369120 completed successfully
2023-05-05 16:46:11,431 INFO o.e.o.Transfer [main] Transfer from account 4827110000234560 to account 2312387231369120 completed successfully
2023-05-05 17:07:07,582 INFO o.e.o.Transfer [main] Transfer from account 4827110000234560 to account 2312387231369120 completed successfully
2023-05-06 07:50:54,414 INFO o.e.o.Transfer [main] Transfer from account 4827110000234560 to account 2312387231369120 completed successfully
2023-05-06 07:52:08,728 INFO o.e.o.Transfer [main] Transfer from account 4827110000234560 to account 2312387231369120 completed successfully
2023-05-06 11:29:44,062 INFO o.e.o.Transfer [main] Transfer from account 4827110000234560 to account 2312387231369120 completed successfully
2023-05-06 11:31:39,364 INFO o.e.o.Transfer [main] Transfer from account 4827110000234560 to account 2312387231369120 completed successfully
2023-05-06 11:31:39,368 WARN o.e.o.Transfer [main] Insufficient funds
2023-05-06 11:45:44,223 INFO o.e.o.Transfer [main] Transfer from account 4827110000234560 to account 2312387231369120 completed successfully
2023-05-06 11:46:10,365 INFO o.e.o.Transfer [main] Transfer from account 4827110000234560 to account 2312387231369120 completed successfully
2023-05-06 11:48:25,879 INFO o.e.o.Transfer [main] Transfer from account 4827110000234560 to account 2312387231369120 completed successfully
2023-05-06 12:27:03,132 INFO o.e.o.Transfer [main] Transfer from account 4827110000234560 to account 2312387231369120 completed successfully
2023-05-06 12:29:17,643 INFO o.e.o.Transfer [main] Transfer from account 4827110000234560 to account 2312387231369120 completed successfully
2023-05-06 12:30:39,088 INFO o.e.o.Transfer [main] Transfer from account 4827110000234560 to account 2312387231369120 completed successfully
2023-05-06 12:32:10,648 INFO o.e.o.Transfer [main] Transfer from account 4827110000234560 to account 2312387231369120 completed successfully
2023-05-06 12:32:22,906 INFO o.e.o.Transfer [main] Transfer from account 4827110000234560 to account 2312387231369120 completed successfully
2023-05-06 12:32:22,909 WARN o.e.o.Transfer [main] Insufficient funds
2023-05-06 13:33:50,023 INFO o.e.o.Transfer [main] Transfer from account 4827110000234560 to account 2312387231369120 completed successfully
2023-05-06 13:33:50,025 WARN o.e.o.Transfer [main] Insufficient funds
2023-05-06 13:34:43,454 INFO o.e.o.Transfer [main] Transfer from account 4827110000234560 to account 2312387231369120 completed successfully
2023-05-06 13:34:43,457 WARN o.e.o.Transfer [main] Insufficient funds
2023-05-06 13:36:07,952 INFO o.e.o.Transfer [main] Transfer from account 4827110000234560 to account 2312387231369120 completed successfully
2023-05-06 13:36:07,955 WARN o.e.o.Transfer [main] Insufficient funds
2023-05-06 13:37:48,287 INFO o.e.o.Transfer [main] Transfer from account 4827110000234560 to account 2312387231369120 completed successfully
2023-05-06 13:37:48,291 WARN o.e.o.Transfer [main] Daily transfers limit exceeded for account 4827110000234560
2023-05-06 13:42:34,243 INFO o.e.o.Transfer [main] Transfer from account 4827110000234560 to account 2312387231369120 completed successfully
2023-05-06 13:42:34,246 WARN o.e.o.Transfer [main] Daily transfers limit exceeded for account 4827110000234560
2023-05-06 14:22:34,208 INFO o.e.o.Transfer [main] Transfer from account 4827110000234560 to account 2312387231369120 completed successfully
2023-05-06 14:22:34,211 WARN o.e.o.Transfer [main] Daily transfers limit exceeded for account 4827110000234560
2023-05-06 14:22:48,808 INFO o.e.o.Transfer [main] Transfer from account 4827110000234560 to account 2312387231369120 completed successfully
2023-05-06 14:22:48,811 WARN o.e.o.Transfer [main] Insufficient funds
2023-05-06 15:35:14,212 INFO o.e.o.Transfer [main] Transfer from account 4827110000234560 to account 2312387231369120 completed successfully
2023-05-06 15:35:14,216 WARN o.e.o.Transfer [main] Insufficient funds
2023-05-06 15:36:18,864 INFO o.e.o.Transfer [main] Transfer from account 4827110000234560 to account 2312387231369120 completed successfully
2023-05-06 15:37:41,570 INFO o.e.o.Transfer [main] Transfer from account 4827110000234560 to account 2312387231369120 completed successfully
2023-05-06 15:57:26,851 INFO o.e.o.Transfer [main] Transfer from account 4827110000234560 to account 2312387231369120 completed successfully
2023-05-06 16:49:28,919 INFO o.e.o.Transfer [main] Transfer from account 4.82711000023456E15 to account 2.31238723136912E15 completed successfully
2023-05-06 17:35:43,368 INFO o.e.o.Transfer [main] Transfer from account 4.82711000023456E15 to account 2.31238723136912E15 completed successfully
2023-05-06 18:10:41,549 INFO o.e.o.Transfer [main] Transfer from account 4.82711000023456E15 to account 2.31238723136912E15 completed successfully
2023-05-06 18:14:02,984 INFO o.e.o.Transfer [main] Transfer from account 4827110000234560 to account 2312387231369120 completed successfully
2023-05-06 18:14:33,002 INFO o.e.o.Transfer [main] Transfer from account 4827110000234560 to account 2312387231369120 completed successfully
2023-05-06 19:25:36,382 INFO o.e.o.Transfer [main] Transfer from account 4827110000234560 to account 2312387231369120 completed successfully
2023-05-06 19:30:23,434 INFO o.e.o.Transfer [main] Transfer from account 4827110000234560 to account 2312387231369120 completed successfully
2023-05-06 19:32:32,170 INFO o.e.o.Transfer [main] Transfer from account 4827110000234560 to account 2312387231369120 completed successfully
2023-05-06 20:30:03,834 INFO o.e.o.Transfer [main] Transfer from account 4827110000234560 to account 2312387231369120 completed successfully
2023-05-06 20:30:51,560 INFO o.e.o.Transfer [main] Transfer from account 4827110000234560 to account 2312387231369120 completed successfully
2023-05-06 20:37:28,105 INFO o.e.o.Transfer [main] Transfer from account 4827110000234560 to account 2312387231369120 completed successfully
2023-05-06 20:38:50,588 INFO o.e.o.Transfer [main] Transfer from account 4827110000234560 to account 2312387231369120 completed successfully
2023-05-06 20:39:14,761 INFO o.e.o.Transfer [main] Transfer from account 4827110000234560 to account 2312387231369120 completed successfully
2023-05-06 20:42:14,710 INFO o.e.o.Transfer [main] Transfer from account 4827110000234560 to account 2312387231369120 completed successfully
